{
  "stats": {
    "suites": 1,
    "tests": 5,
    "passes": 5,
    "pending": 0,
    "failures": 0,
    "start": "2025-05-21T05:50:06.655Z",
    "end": "2025-05-21T05:50:37.769Z",
    "duration": 31114,
    "testsRegistered": 5,
    "passPercent": 100,
    "pendingPercent": 0,
    "other": 0,
    "hasOther": false,
    "skipped": 0,
    "hasSkipped": false
  },
  "results": [
    {
      "uuid": "ff616e0f-6eca-4182-8963-96bae0f3f09d",
      "title": "",
      "fullFile": "/home/ubuntu/Desktop/selenium-training-2/tests/e2e_crud_flow.test.mjs",
      "file": "/tests/e2e_crud_flow.test.mjs",
      "beforeHooks": [],
      "afterHooks": [],
      "tests": [],
      "suites": [
        {
          "uuid": "30046eef-61d5-4a7c-b731-013efec160d2",
          "title": "Magento Demo E2E CRUD Flow",
          "fullFile": "/home/ubuntu/Desktop/selenium-training-2/tests/e2e_crud_flow.test.mjs",
          "file": "/tests/e2e_crud_flow.test.mjs",
          "beforeHooks": [
            {
              "title": "\"before all\" hook in \"Magento Demo E2E CRUD Flow\"",
              "fullTitle": "Magento Demo E2E CRUD Flow \"before all\" hook in \"Magento Demo E2E CRUD Flow\"",
              "timedOut": false,
              "duration": 465,
              "state": null,
              "speed": null,
              "pass": false,
              "fail": false,
              "pending": false,
              "context": null,
              "code": "driver = await createDriver(true); // pass `true` to run headlessly\n\nsignupPage = new SignupPage(driver);\nloginPage = new LoginPage(driver);\nhomePage = new HomePage(driver);\ncartPage = new CartPage(driver);",
              "err": {},
              "uuid": "0a00f051-5f16-43cf-b0e8-2021311cb7e5",
              "parentUUID": "30046eef-61d5-4a7c-b731-013efec160d2",
              "isHook": true,
              "skipped": false
            }
          ],
          "afterHooks": [
            {
              "title": "\"after all\" hook in \"Magento Demo E2E CRUD Flow\"",
              "fullTitle": "Magento Demo E2E CRUD Flow \"after all\" hook in \"Magento Demo E2E CRUD Flow\"",
              "timedOut": false,
              "duration": 55,
              "state": null,
              "speed": null,
              "pass": false,
              "fail": false,
              "pending": false,
              "context": null,
              "code": "if (driver) {\n  await driver.quit();\n}",
              "err": {},
              "uuid": "18ce761f-1010-45a7-bc32-e929ce3fe7f3",
              "parentUUID": "30046eef-61d5-4a7c-b731-013efec160d2",
              "isHook": true,
              "skipped": false
            }
          ],
          "tests": [
            {
              "title": "should register a new user",
              "fullTitle": "Magento Demo E2E CRUD Flow should register a new user",
              "timedOut": false,
              "duration": 7262,
              "state": "passed",
              "speed": "slow",
              "pass": true,
              "fail": false,
              "pending": false,
              "context": null,
              "code": "await signupPage.open();\nawait signupPage.registerUser(testUser);\nconst url = await driver.getCurrentUrl();\nexpect(url).to.include('customer/account');",
              "err": {},
              "uuid": "20c08dea-c550-42ea-a44c-70d66b21343b",
              "parentUUID": "30046eef-61d5-4a7c-b731-013efec160d2",
              "isHook": false,
              "skipped": false
            },
            {
              "title": "should logout after registration",
              "fullTitle": "Magento Demo E2E CRUD Flow should logout after registration",
              "timedOut": false,
              "duration": 3647,
              "state": "passed",
              "speed": "slow",
              "pass": true,
              "fail": false,
              "pending": false,
              "context": null,
              "code": "await driver.get('https://magento.softwaretestingboard.com/customer/account/logout/');\nawait driver.sleep(2000); // slight wait for redirect",
              "err": {},
              "uuid": "2feb7c0f-6931-4ea0-844d-57d9bdf365b3",
              "parentUUID": "30046eef-61d5-4a7c-b731-013efec160d2",
              "isHook": false,
              "skipped": false
            },
            {
              "title": "should login with registered user",
              "fullTitle": "Magento Demo E2E CRUD Flow should login with registered user",
              "timedOut": false,
              "duration": 3309,
              "state": "passed",
              "speed": "slow",
              "pass": true,
              "fail": false,
              "pending": false,
              "context": null,
              "code": "await loginPage.open();\nawait loginPage.login(testUser.email, testUser.password);\nconst url = await driver.getCurrentUrl();\nexpect(url).to.include('customer/account');",
              "err": {},
              "uuid": "cf529d7c-8cb4-4fe4-8611-0eb6e61a4572",
              "parentUUID": "30046eef-61d5-4a7c-b731-013efec160d2",
              "isHook": false,
              "skipped": false
            },
            {
              "title": "should add an item to cart and validate",
              "fullTitle": "Magento Demo E2E CRUD Flow should add an item to cart and validate",
              "timedOut": false,
              "duration": 10584,
              "state": "passed",
              "speed": "slow",
              "pass": true,
              "fail": false,
              "pending": false,
              "context": null,
              "code": "await homePage.open();\nawait homePage.addFirstProductToCart();\nawait cartPage.open();\nconst count = await cartPage.getCartItemsCount();\nexpect(count).to.be.above(0);",
              "err": {},
              "uuid": "22c67a81-3c2e-45e9-88f6-b7f0f48adf85",
              "parentUUID": "30046eef-61d5-4a7c-b731-013efec160d2",
              "isHook": false,
              "skipped": false
            },
            {
              "title": "should delete all items from cart and validate empty",
              "fullTitle": "Magento Demo E2E CRUD Flow should delete all items from cart and validate empty",
              "timedOut": false,
              "duration": 5786,
              "state": "passed",
              "speed": "slow",
              "pass": true,
              "fail": false,
              "pending": false,
              "context": null,
              "code": "await cartPage.removeAllItems();\nawait cartPage.open();\nconst countAfterDelete = await cartPage.getCartItemsCount();\nexpect(countAfterDelete).to.equal(0);",
              "err": {},
              "uuid": "539c28b9-7118-4a43-9930-291c8d2cc7d2",
              "parentUUID": "30046eef-61d5-4a7c-b731-013efec160d2",
              "isHook": false,
              "skipped": false
            }
          ],
          "suites": [],
          "passes": [
            "20c08dea-c550-42ea-a44c-70d66b21343b",
            "2feb7c0f-6931-4ea0-844d-57d9bdf365b3",
            "cf529d7c-8cb4-4fe4-8611-0eb6e61a4572",
            "22c67a81-3c2e-45e9-88f6-b7f0f48adf85",
            "539c28b9-7118-4a43-9930-291c8d2cc7d2"
          ],
          "failures": [],
          "pending": [],
          "skipped": [],
          "duration": 30588,
          "root": false,
          "rootEmpty": false,
          "_timeout": 90000
        }
      ],
      "passes": [],
      "failures": [],
      "pending": [],
      "skipped": [],
      "duration": 0,
      "root": true,
      "rootEmpty": true,
      "_timeout": 2000
    }
  ],
  "meta": {
    "mocha": {
      "version": "11.4.0"
    },
    "mochawesome": {
      "options": {
        "quiet": false,
        "reportFilename": "mochawesome",
        "saveHtml": true,
        "saveJson": true,
        "consoleReporter": "spec",
        "useInlineDiffs": false,
        "code": true
      },
      "version": "7.1.3"
    },
    "marge": {
      "options": {
        "reportDir": "artifacts"
      },
      "version": "6.2.0"
    }
  }
}